<?xml version="1.0" encoding="UTF-8"?>
<!-- Generated by org.testng.reporters.JUnitReportReporter -->
<testsuite hostname="Ravindra-PC" name="com.test.abc.DemoForMaven" tests="1" failures="0" timestamp="25 Nov 2017 08:06:35 GMT" time="0.018" errors="0">
  <testcase name="testHello" time="0.018" classname="com.test.abc.DemoForMaven"/>
</testsuite> <!-- com.test.abc.DemoForMaven -->
